2020-04-08 22:46:24 [main] INFO  i.d.q.c.QuizmasterApplication$Companion - Starting QuizmasterApplication.Companion on plex-ubuntu with PID 20553 (/home/daithi/.m2/repository/ie/daithi/quizmaster/quizmaster-api/0.0.1-SNAPSHOT/quizmaster-api-0.0.1-SNAPSHOT.jar started by daithi in /home/daithi/workspace/quizmaster)
2020-04-08 22:46:24 [main] DEBUG i.d.q.c.QuizmasterApplication$Companion - Running with Spring Boot v2.1.7.RELEASE, Spring v5.1.9.RELEASE
2020-04-08 22:46:24 [main] INFO  i.d.q.c.QuizmasterApplication$Companion - No active profile set, falling back to default profiles: default
2020-04-08 22:46:25 [main] INFO  o.s.b.w.e.tomcat.TomcatWebServer - Tomcat initialized with port(s): 8080 (http)
2020-04-08 22:46:25 [main] INFO  o.a.catalina.core.StandardService - Starting service [Tomcat]
2020-04-08 22:46:25 [main] INFO  o.a.catalina.core.StandardEngine - Starting Servlet engine: [Apache Tomcat/9.0.22]
2020-04-08 22:46:25 [main] INFO  o.a.c.c.C.[Tomcat].[localhost].[/] - Initializing Spring embedded WebApplicationContext
2020-04-08 22:46:25 [main] INFO  s.d.s.w.PropertySourcedRequestMappingHandlerMapping - Mapped URL path [/v2/api-docs] onto method [public org.springframework.http.ResponseEntity<springfox.documentation.spring.web.json.Json> springfox.documentation.swagger2.web.Swagger2Controller.getDocumentation(java.lang.String,javax.servlet.http.HttpServletRequest)]
2020-04-08 22:46:26 [main] INFO  o.s.s.c.ThreadPoolTaskExecutor - Initializing ExecutorService 'applicationTaskExecutor'
2020-04-08 22:46:26 [main] INFO  o.s.b.a.w.s.WelcomePageHandlerMapping - Adding welcome page: class path resource [META-INF/resources/index.html]
2020-04-08 22:46:26 [main] INFO  s.d.s.w.p.DocumentationPluginsBootstrapper - Context refreshed
2020-04-08 22:46:26 [main] INFO  s.d.s.w.p.DocumentationPluginsBootstrapper - Found 1 custom documentation plugin(s)
2020-04-08 22:46:26 [main] INFO  s.d.s.w.s.ApiListingReferenceScanner - Scanning for api listing references
2020-04-08 22:46:26 [main] INFO  o.s.b.w.e.tomcat.TomcatWebServer - Tomcat started on port(s): 8080 (http) with context path ''
2020-04-08 22:46:26 [main] INFO  i.d.q.c.QuizmasterApplication$Companion - Started QuizmasterApplication.Companion in 1.999 seconds (JVM running for 2.238)
2020-04-08 22:46:28 [http-nio-0.0.0.0-8080-exec-1] INFO  o.a.c.c.C.[Tomcat].[localhost].[/] - Initializing Spring DispatcherServlet 'dispatcherServlet'
2020-04-08 22:47:19 [Thread-2] INFO  o.s.s.c.ThreadPoolTaskExecutor - Shutting down ExecutorService 'applicationTaskExecutor'
2020-04-08 22:51:30 [main] INFO  i.d.q.c.QuizmasterApplication$Companion - Starting QuizmasterApplication.Companion on plex-ubuntu with PID 21798 (/home/daithi/.m2/repository/ie/daithi/quizmaster/quizmaster-api/0.0.1-SNAPSHOT/quizmaster-api-0.0.1-SNAPSHOT.jar started by daithi in /home/daithi/workspace/quizmaster)
2020-04-08 22:51:30 [main] DEBUG i.d.q.c.QuizmasterApplication$Companion - Running with Spring Boot v2.1.7.RELEASE, Spring v5.1.9.RELEASE
2020-04-08 22:51:30 [main] INFO  i.d.q.c.QuizmasterApplication$Companion - No active profile set, falling back to default profiles: default
2020-04-08 22:51:30 [main] INFO  o.s.b.w.e.tomcat.TomcatWebServer - Tomcat initialized with port(s): 8080 (http)
2020-04-08 22:51:30 [main] INFO  o.a.catalina.core.StandardService - Starting service [Tomcat]
2020-04-08 22:51:30 [main] INFO  o.a.catalina.core.StandardEngine - Starting Servlet engine: [Apache Tomcat/9.0.22]
2020-04-08 22:51:31 [main] INFO  o.a.c.c.C.[Tomcat].[localhost].[/] - Initializing Spring embedded WebApplicationContext
2020-04-08 22:51:31 [main] INFO  s.d.s.w.PropertySourcedRequestMappingHandlerMapping - Mapped URL path [/v2/api-docs] onto method [public org.springframework.http.ResponseEntity<springfox.documentation.spring.web.json.Json> springfox.documentation.swagger2.web.Swagger2Controller.getDocumentation(java.lang.String,javax.servlet.http.HttpServletRequest)]
2020-04-08 22:51:31 [main] INFO  o.s.s.c.ThreadPoolTaskExecutor - Initializing ExecutorService 'applicationTaskExecutor'
2020-04-08 22:51:31 [main] INFO  o.s.b.a.w.s.WelcomePageHandlerMapping - Adding welcome page: class path resource [META-INF/resources/index.html]
2020-04-08 22:51:31 [main] INFO  s.d.s.w.p.DocumentationPluginsBootstrapper - Context refreshed
2020-04-08 22:51:31 [main] INFO  s.d.s.w.p.DocumentationPluginsBootstrapper - Found 1 custom documentation plugin(s)
2020-04-08 22:51:31 [main] INFO  s.d.s.w.s.ApiListingReferenceScanner - Scanning for api listing references
2020-04-08 22:51:31 [main] INFO  o.s.b.w.e.tomcat.TomcatWebServer - Tomcat started on port(s): 8080 (http) with context path ''
2020-04-08 22:51:31 [main] INFO  i.d.q.c.QuizmasterApplication$Companion - Started QuizmasterApplication.Companion in 1.778 seconds (JVM running for 2.019)
2020-04-08 22:51:36 [http-nio-0.0.0.0-8080-exec-1] INFO  o.a.c.c.C.[Tomcat].[localhost].[/] - Initializing Spring DispatcherServlet 'dispatcherServlet'
2020-04-08 22:51:54 [Thread-2] INFO  o.s.s.c.ThreadPoolTaskExecutor - Shutting down ExecutorService 'applicationTaskExecutor'
